d:\vcpro\mobilectlclient\mobilectlclient\x64\debug\main.obj
d:\vcpro\mobilectlclient\mobilectlclient\x64\debug\mobilectlclient.obj
d:\vcpro\mobilectlclient\mobilectlclient\x64\debug\vc142.pdb
d:\vcpro\mobilectlclient\mobilectlclient\x64\debug\qrc_mobilectlclient.obj
d:\vcpro\mobilectlclient\mobilectlclient\x64\debug\moc_mobilectlclient.obj
d:\vcpro\mobilectlclient\mobilectlclient\x64\debug\openglwidget.obj
d:\vcpro\mobilectlclient\mobilectlclient\x64\debug\moc_openglwidget.obj
d:\vcpro\mobilectlclient\x64\debug\mobilectlclient.exe
d:\vcpro\mobilectlclient\x64\debug\mobilectlclient.ilk
d:\vcpro\mobilectlclient\x64\debug\mobilectlclient.pdb
d:\vcpro\mobilectlclient\mobilectlclient\x64\debug\uic\ui_mobilectlclient.h
d:\vcpro\mobilectlclient\mobilectlclient\x64\debug\rcc\qrc_mobilectlclient.cpp
d:\vcpro\mobilectlclient\mobilectlclient\x64\debug\moc\moc_mobilectlclient.cpp
d:\vcpro\mobilectlclient\mobilectlclient\x64\debug\uic\ui_openglwidget.h
d:\vcpro\mobilectlclient\mobilectlclient\x64\debug\moc\moc_openglwidget.cpp
d:\vcpro\mobilectlclient\mobilectlclient\x64\debug\mobilectlclient.tlog\cl.command.1.tlog
d:\vcpro\mobilectlclient\mobilectlclient\x64\debug\mobilectlclient.tlog\cl.read.1.tlog
d:\vcpro\mobilectlclient\mobilectlclient\x64\debug\mobilectlclient.tlog\cl.write.1.tlog
d:\vcpro\mobilectlclient\mobilectlclient\x64\debug\mobilectlclient.tlog\link.command.1.tlog
d:\vcpro\mobilectlclient\mobilectlclient\x64\debug\mobilectlclient.tlog\link.read.1.tlog
d:\vcpro\mobilectlclient\mobilectlclient\x64\debug\mobilectlclient.tlog\link.write.1.tlog
d:\vcpro\mobilectlclient\mobilectlclient\x64\debug\mobilectlclient.tlog\mobilectlclient.write.1u.tlog
d:\vcpro\mobilectlclient\mobilectlclient\x64\debug\mobilectlclient.tlog\moc.read.1u.tlog
d:\vcpro\mobilectlclient\mobilectlclient\x64\debug\mobilectlclient.tlog\moc.write.1u.tlog
d:\vcpro\mobilectlclient\mobilectlclient\x64\debug\mobilectlclient.tlog\rcc.read.1u.tlog
d:\vcpro\mobilectlclient\mobilectlclient\x64\debug\mobilectlclient.tlog\rcc.write.1u.tlog
d:\vcpro\mobilectlclient\mobilectlclient\x64\debug\mobilectlclient.tlog\uic.read.1u.tlog
d:\vcpro\mobilectlclient\mobilectlclient\x64\debug\mobilectlclient.tlog\uic.write.1u.tlog
