d:\vcpro\mobilectlclient\mobilectlclient\debug\mobilectlclient.obj
d:\vcpro\mobilectlclient\mobilectlclient\debug\logindialog.obj
d:\vcpro\mobilectlclient\mobilectlclient\debug\main.obj
d:\vcpro\mobilectlclient\mobilectlclient\debug\flyplayer.obj
d:\vcpro\mobilectlclient\mobilectlclient\debug\openglwidget.obj
d:\vcpro\mobilectlclient\mobilectlclient\debug\vc142.pdb
d:\vcpro\mobilectlclient\mobilectlclient\debug\moc_mobilectlclient.obj
d:\vcpro\mobilectlclient\mobilectlclient\debug\moc_logindialog.obj
d:\vcpro\mobilectlclient\mobilectlclient\debug\moc_openglwidget.obj
d:\vcpro\mobilectlclient\mobilectlclient\debug\qrc_mobilectlclient.obj
d:\vcpro\mobilectlclient\mobilectlclient\debug\uic\ui_logindialog.h
d:\vcpro\mobilectlclient\mobilectlclient\debug\uic\ui_mobilectlclient.h
d:\vcpro\mobilectlclient\mobilectlclient\debug\uic\ui_openglwidget.h
d:\vcpro\mobilectlclient\mobilectlclient\debug\rcc\qrc_mobilectlclient.cpp
d:\vcpro\mobilectlclient\mobilectlclient\debug\moc\moc_mobilectlclient.cpp
d:\vcpro\mobilectlclient\mobilectlclient\debug\moc\moc_openglwidget.cpp
d:\vcpro\mobilectlclient\mobilectlclient\debug\moc\moc_logindialog.cpp
d:\vcpro\mobilectlclient\debug\mobilectlclient.pdb
d:\vcpro\mobilectlclient\mobilectlclient\debug\mobilectlclient.tlog\cl.13452.write.1.tlog
d:\vcpro\mobilectlclient\mobilectlclient\debug\mobilectlclient.tlog\cl.command.1.tlog
d:\vcpro\mobilectlclient\mobilectlclient\debug\mobilectlclient.tlog\cl.read.1.tlog
d:\vcpro\mobilectlclient\mobilectlclient\debug\mobilectlclient.tlog\link-cvtres.read.1.tlog
d:\vcpro\mobilectlclient\mobilectlclient\debug\mobilectlclient.tlog\link-cvtres.write.1.tlog
d:\vcpro\mobilectlclient\mobilectlclient\debug\mobilectlclient.tlog\link-rc.read.1.tlog
d:\vcpro\mobilectlclient\mobilectlclient\debug\mobilectlclient.tlog\link-rc.write.1.tlog
d:\vcpro\mobilectlclient\mobilectlclient\debug\mobilectlclient.tlog\link.command.1.tlog
d:\vcpro\mobilectlclient\mobilectlclient\debug\mobilectlclient.tlog\link.read.1.tlog
d:\vcpro\mobilectlclient\mobilectlclient\debug\mobilectlclient.tlog\link.write.1.tlog
d:\vcpro\mobilectlclient\mobilectlclient\debug\mobilectlclient.tlog\mobilectlclient.write.1u.tlog
d:\vcpro\mobilectlclient\mobilectlclient\debug\mobilectlclient.tlog\moc.read.1u.tlog
d:\vcpro\mobilectlclient\mobilectlclient\debug\mobilectlclient.tlog\moc.write.1u.tlog
d:\vcpro\mobilectlclient\mobilectlclient\debug\mobilectlclient.tlog\rcc.read.1u.tlog
d:\vcpro\mobilectlclient\mobilectlclient\debug\mobilectlclient.tlog\rcc.write.1u.tlog
d:\vcpro\mobilectlclient\mobilectlclient\debug\mobilectlclient.tlog\uic.read.1u.tlog
d:\vcpro\mobilectlclient\mobilectlclient\debug\mobilectlclient.tlog\uic.write.1u.tlog
